#
# A fatal error has been detected by the Java Runtime Environment:
#
#  EXCEPTION_ACCESS_VIOLATION (0xc0000005) at pc=0x00000000704ec234, pid=12412, tid=10440
#
# JRE version: Java(TM) SE Runtime Environment (8.0_91-b15) (build 1.8.0_91-b15)
# Java VM: Java HotSpot(TM) 64-Bit Server VM (25.91-b15 mixed mode windows-amd64 compressed oops)
# Problematic frame:
# C  [MSVCR100.dll+0x3c234]
#
# Failed to write core dump. Minidumps are not enabled by default on client versions of Windows
#
# If you would like to submit a bug report, please visit:
#   http://bugreport.java.com/bugreport/crash.jsp
#

---------------  T H R E A D  ---------------

Current thread (0x0000000022284000):  JavaThread "System clipboard synchronizer" daemon [_thread_in_vm, id=10440, stack(0x0000000025450000,0x0000000025650000)]

siginfo: ExceptionCode=0xc0000005, reading address 0x000000001cc74ff8

Registers:
RAX=0x0000000000000036, RBX=0x0000000022284000, RCX=0x00000000f6f80008, RDX=0xffffffff25cf5008
RSP=0x000000002564f288, RBP=0x0000000021c56240, RSI=0x0000000000000000, RDI=0x0000000000213250
R8 =0x0000000000127250, R9 =0xffffffffffffffff, R10=0xffffffffffffffff, R11=0x00000000f6e59038
R12=0x0000000000000008, R13=0x0000000000000000, R14=0x0000000000213250, R15=0x0000000022284000
RIP=0x00000000704ec234, EFLAGS=0x0000000000010206

Top of Stack: (sp=0x000000002564f288)
0x000000002564f288:   000000006f22ac21 000000001cb4e000
0x000000002564f298:   000000006f20fa5d 0000000000213250
0x000000002564f2a8:   00007ffdb828b667 000000002564f3c8
0x000000002564f2b8:   000000001cb4e000 0000000022284000
0x000000002564f2c8:   0000000000000000 0000000000213250
0x000000002564f2d8:   0000000000000008 0000000021c56240
0x000000002564f2e8:   000000006ef7a69f 00000000222841f8
0x000000002564f2f8:   000000002564f3c8 000000001cb4e040
0x000000002564f308:   0000000000000000 000000001cb4e040
0x000000002564f318:   00000000c29707a0 00000000c29707a0
0x000000002564f328:   fffffffffffffffe 000000002564f3f8
0x000000002564f338:   0000000024c7c8c0 0000000000000000
0x000000002564f348:   00000000030a7f54 0000000024c7c8c8
0x000000002564f358:   0000000000000008 00000000c01a1e08
0x000000002564f368:   000000001cb4e040 00000000f6e4c7e0
0x000000002564f378:   00000000102166b1 00000000c29707a0 

Instructions: (pc=0x00000000704ec234)
0x00000000704ec214:   48 81 c1 00 10 00 00 b8 40 00 00 00 4c 8b 4c 0a
0x00000000704ec224:   f8 4c 8b 54 0a f0 4c 0f c3 49 f8 4c 0f c3 51 f0
0x00000000704ec234:   4c 8b 4c 0a e8 4c 8b 54 0a e0 4c 0f c3 49 e8 4c
0x00000000704ec244:   0f c3 51 e0 4c 8b 4c 0a d8 4c 8b 54 0a d0 48 83 


Register to memory mapping:

RAX=0x0000000000000036 is an unknown value
RBX=0x0000000022284000 is a thread
RCX=0x00000000f6f80008 is an oop

[error occurred during error reporting (printing register info), id 0xc0000005]

Stack: [0x0000000025450000,0x0000000025650000],  sp=0x000000002564f288,  free space=2044k
Native frames: (J=compiled Java code, j=interpreted, Vv=VM code, C=native code)
C  [MSVCR100.dll+0x3c234]
V  [jvm.dll+0x15ac21]
C  [awt.dll+0x8a69f]
C  0x00000000030a7f54

Java frames: (J=compiled Java code, j=interpreted, Vv=VM code)
j  sun.awt.windows.WClipboard.getClipboardData(J)[B+0
J 6960 C1 sun.awt.datatransfer.ClipboardTransferable.fetchOneFlavor(Lsun/awt/datatransfer/SunClipboard;Ljava/awt/datatransfer/DataFlavor;Ljava/lang/Long;Ljava/util/HashMap;)Z (133 bytes) @ 0x000000000423f49c [0x000000000423f3a0+0xfc]
j  sun.awt.datatransfer.ClipboardTransferable.<init>(Lsun/awt/datatransfer/SunClipboard;)V+122
j  sun.awt.datatransfer.SunClipboard.getContents(Ljava/lang/Object;)Ljava/awt/datatransfer/Transferable;+17
j  org.netbeans.NbClipboard$GetContents.run()V+16
J 5392 C1 org.openide.util.RequestProcessor$Task.run()V (192 bytes) @ 0x0000000003fe589c [0x0000000003fe5320+0x57c]
J 7671 C1 org.netbeans.modules.openide.util.GlobalLookup.execute(Lorg/openide/util/Lookup;Ljava/lang/Runnable;)Z (60 bytes) @ 0x000000000436c1dc [0x000000000436c040+0x19c]
J 7670 C1 org.openide.util.lookup.Lookups.executeWith(Lorg/openide/util/Lookup;Ljava/lang/Runnable;)V (15 bytes) @ 0x000000000436bc4c [0x000000000436bc00+0x4c]
j  org.openide.util.RequestProcessor$Processor.run()V+259
v  ~StubRoutines::call_stub

---------------  P R O C E S S  ---------------

Java Threads: ( => current thread )
  0x000000001bf52000 JavaThread "Inactive RequestProcessor thread [Was:org.netbeans.modules.javahelp.HelpCtxProcessor$ShortcutAction/org.netbeans.modules.javahelp.HelpCtxProcessor$ShortcutAction$1]" daemon [_thread_blocked, id=11584, stack(0x000000002aed0000,0x000000002b0d0000)]
  0x000000001bf51800 JavaThread "Inactive RequestProcessor thread [Was:System clipboard synchronizer/org.netbeans.NbClipboard$GetContents]" daemon [_thread_blocked, id=13248, stack(0x000000002acd0000,0x000000002aed0000)]
  0x000000001bf4f000 JavaThread "Inactive RequestProcessor thread [Was:Data System Nodes for org.netbeans.modules.masterfs.ui.FileBasedFSWithUI/org.openide.loaders.FolderChildren$1R]" daemon [_thread_blocked, id=1336, stack(0x000000002aad0000,0x000000002acd0000)]
  0x000000001bf4e800 JavaThread "Inactive RequestProcessor thread [Was:Versioning fire FileStatusChanged/org.netbeans.modules.versioning.core.VersioningAnnotationProvider$2]" daemon [_thread_blocked, id=11964, stack(0x000000002a8d0000,0x000000002aad0000)]
  0x000000001bf50800 JavaThread "Inactive RequestProcessor thread [Was:org.netbeans.modules.parsing.spi.Scheduler/org.netbeans.modules.parsing.spi.Scheduler$1]" daemon [_thread_blocked, id=2680, stack(0x0000000029ca0000,0x0000000029ea0000)]
  0x000000001bf47000 JavaThread "Inactive RequestProcessor thread [Was:class org.netbeans.modules.quicksearch.QuickSearchPopup.evaluator/org.netbeans.modules.quicksearch.QuickSearchPopup$1]" daemon [_thread_blocked, id=11244, stack(0x0000000029aa0000,0x0000000029ca0000)]
  0x000000001bf4d800 JavaThread "Inactive RequestProcessor thread [Was:org.netbeans.modules.editor.errorstripe.AnnotationView/org.netbeans.modules.editor.errorstripe.AnnotationView$RepaintTask]" daemon [_thread_blocked, id=3896, stack(0x00000000298a0000,0x0000000029aa0000)]
  0x000000001bf4a800 JavaThread "Flushing caches" [_thread_blocked, id=8684, stack(0x0000000027c40000,0x0000000027e40000)]
  0x000000001bf44000 JavaThread "TimerQueue" daemon [_thread_blocked, id=6164, stack(0x0000000027a40000,0x0000000027c40000)]
  0x000000001bf44800 JavaThread "Worker-JM" [_thread_blocked, id=7552, stack(0x0000000027840000,0x0000000027a40000)]
  0x000000001bf49000 JavaThread "Deadlock Detector" [_thread_blocked, id=5888, stack(0x0000000026c50000,0x0000000026e50000)]
  0x000000001bf4a000 JavaThread "Thread-4" daemon [_thread_blocked, id=3100, stack(0x0000000026a50000,0x0000000026c50000)]
  0x000000001bf4b800 JavaThread "W32 File Monitor" daemon [_thread_blocked, id=8584, stack(0x0000000026850000,0x0000000026a50000)]
  0x000000001bf47800 JavaThread "File Watcher" daemon [_thread_blocked, id=11428, stack(0x0000000026250000,0x0000000026450000)]
  0x0000000022283800 JavaThread "AWT-EventQueue-0" [_thread_blocked, id=1188, stack(0x0000000026050000,0x0000000026250000)]
  0x0000000022288000 JavaThread "AWT-Shutdown" [_thread_blocked, id=9060, stack(0x0000000025e50000,0x0000000026050000)]
  0x0000000022285000 JavaThread "org.netbeans.spi.debugger.ui.EditorContextDispatcher$AddRemoveFileListenerInEQThread" daemon [_thread_blocked, id=4200, stack(0x0000000025c50000,0x0000000025e50000)]
  0x0000000022282800 JavaThread "Inactive RequestProcessor thread [Was:OpenIDE-request-processor-3/org.netbeans.modules.java.api.common.project.ui.PlatformNode$1]" daemon [_thread_blocked, id=2132, stack(0x0000000025a50000,0x0000000025c50000)]
  0x0000000022282000 JavaThread "Inactive RequestProcessor thread [Was:org.netbeans.modules.parsing.spi.Scheduler/org.netbeans.modules.parsing.spi.Scheduler$1]" daemon [_thread_blocked, id=4212, stack(0x0000000025850000,0x0000000025a50000)]
  0x0000000022286800 JavaThread "Editor Parsing Loop (201510222201)" daemon [_thread_blocked, id=11868, stack(0x0000000025650000,0x0000000025850000)]
=>0x0000000022284000 JavaThread "System clipboard synchronizer" daemon [_thread_in_vm, id=10440, stack(0x0000000025450000,0x0000000025650000)]
  0x0000000022285800 JavaThread "Inactive RequestProcessor thread [Was:TimedSoftReference/org.openide.util.TimedSoftReference]" daemon [_thread_blocked, id=12688, stack(0x0000000025250000,0x0000000025450000)]
  0x0000000022287000 JavaThread "Inactive RequestProcessor thread [Was:JavaSourceTaskFactory/org.netbeans.api.java.source.JavaSourceTaskFactory$1]" daemon [_thread_blocked, id=8504, stack(0x0000000025050000,0x0000000025250000)]
  0x000000001c1f2800 JavaThread "Inactive RequestProcessor thread [Was:Data System Nodes/org.openide.loaders.DataNode$NamesUpdater]" daemon [_thread_blocked, id=11704, stack(0x00000000236c0000,0x00000000238c0000)]
  0x000000001c1f2000 JavaThread "Bundle File Closer" daemon [_thread_blocked, id=12928, stack(0x00000000234c0000,0x00000000236c0000)]
  0x000000001c1f4000 JavaThread "Framework Event Dispatcher" daemon [_thread_blocked, id=2296, stack(0x00000000232c0000,0x00000000234c0000)]
  0x000000001c1ef000 JavaThread "Framework Active Thread" [_thread_blocked, id=4708, stack(0x0000000020de0000,0x0000000020fe0000)]
  0x000000001a2dc000 JavaThread "AWT-Windows" daemon [_thread_blocked, id=6788, stack(0x000000001b3b0000,0x000000001b5b0000)]
  0x000000001a2d4800 JavaThread "Java2D Disposer" daemon [_thread_blocked, id=12840, stack(0x000000001afb0000,0x000000001b1b0000)]
  0x000000001a277000 JavaThread "RequestProcessor queue manager" daemon [_thread_blocked, id=2860, stack(0x000000001abb0000,0x000000001adb0000)]
  0x000000001a1cf000 JavaThread "Inactive RequestProcessor thread [Was:TimedSoftReference/org.openide.util.TimedSoftReference]" daemon [_thread_blocked, id=7076, stack(0x000000001a7b0000,0x000000001a9b0000)]
  0x0000000019f01000 JavaThread "CLI Requests Server" daemon [_thread_in_native, id=4208, stack(0x000000001a5b0000,0x000000001a7b0000)]
  0x0000000019e2a800 JavaThread "Active Reference Queue Daemon" daemon [_thread_blocked, id=3168, stack(0x000000001a3b0000,0x000000001a5b0000)]
  0x0000000017189800 JavaThread "Service Thread" daemon [_thread_blocked, id=9368, stack(0x00000000197b0000,0x00000000199b0000)]
  0x00000000170f3000 JavaThread "C1 CompilerThread3" daemon [_thread_blocked, id=5168, stack(0x00000000195b0000,0x00000000197b0000)]
  0x00000000170ea800 JavaThread "C2 CompilerThread2" daemon [_thread_blocked, id=5976, stack(0x00000000193b0000,0x00000000195b0000)]
  0x00000000170e5000 JavaThread "C2 CompilerThread1" daemon [_thread_blocked, id=1988, stack(0x00000000191b0000,0x00000000193b0000)]
  0x00000000170e1000 JavaThread "C2 CompilerThread0" daemon [_thread_blocked, id=11140, stack(0x0000000018fb0000,0x00000000191b0000)]
  0x00000000170df800 JavaThread "Attach Listener" daemon [_thread_blocked, id=3812, stack(0x0000000018db0000,0x0000000018fb0000)]
  0x00000000170de800 JavaThread "Signal Dispatcher" daemon [_thread_blocked, id=9664, stack(0x0000000018bb0000,0x0000000018db0000)]
  0x00000000170c8000 JavaThread "Finalizer" daemon [_thread_blocked, id=7292, stack(0x00000000189b0000,0x0000000018bb0000)]
  0x0000000002e84000 JavaThread "Reference Handler" daemon [_thread_blocked, id=13188, stack(0x00000000187b0000,0x00000000189b0000)]
  0x0000000002c8e000 JavaThread "main" [_thread_blocked, id=6580, stack(0x0000000000580000,0x0000000000780000)]

Other Threads:
  0x00000000170a3800 VMThread [stack: 0x00000000184b0000,0x00000000186b0000] [id=4440]
  0x000000001719d000 WatcherThread [stack: 0x00000000199b0000,0x0000000019bb0000] [id=7876]

VM state:synchronizing (normal execution)

VM Mutex/Monitor currently owned by a thread:  ([mutex/lock_event])
[0x0000000002c8d980] Threads_lock - owner thread: 0x00000000170a3800

Heap:
 PSYoungGen      total 302080K, used 226164K [0x00000000eab00000, 0x0000000100000000, 0x0000000100000000)
  eden space 278528K, 72% used [0x00000000eab00000,0x00000000f713ec88,0x00000000fbb00000)
  from space 23552K, 98% used [0x00000000fbb00000,0x00000000fd19e520,0x00000000fd200000)
  to   space 36864K, 0% used [0x00000000fdc00000,0x00000000fdc00000,0x0000000100000000)
 ParOldGen       total 108544K, used 89397K [0x00000000c0000000, 0x00000000c6a00000, 0x00000000eab00000)
  object space 108544K, 82% used [0x00000000c0000000,0x00000000c574d488,0x00000000c6a00000)
 Metaspace       used 81088K, capacity 91450K, committed 91508K, reserved 1128448K
  class space    used 10185K, capacity 13391K, committed 13440K, reserved 1048576K

Card table byte_map: [0x0000000012570000,0x0000000012780000] byte_map_base: 0x0000000011f70000

Marking Bits: (ParMarkBitMap*) 0x000000006f8e2f70
 Begin Bits: [0x00000000138e0000, 0x00000000148e0000)
 End Bits:   [0x00000000148e0000, 0x00000000158e0000)

Polling page: 0x0000000000800000

CodeCache: size=245760Kb used=30746Kb max_used=31263Kb free=215013Kb
 bounds [0x0000000003090000, 0x0000000004fb0000, 0x0000000012090000]
 total_blobs=10154 nmethods=9372 adapters=690
 compilation: enabled

Compilation events (10 events):
Event: 46.958 Thread 0x00000000170f3000 12042       3       java.io.FileOutputStream$1::close (8 bytes)
Event: 46.958 Thread 0x00000000170f3000 nmethod 12042 0x00000000034682d0 code [0x0000000003468440, 0x0000000003468628]
Event: 46.958 Thread 0x00000000170f3000 12044       3       org.openide.filesystems.FileEvent::<init> (93 bytes)
Event: 46.959 Thread 0x00000000170f3000 nmethod 12044 0x0000000004a5c090 code [0x0000000004a5c300, 0x0000000004a5d598]
Event: 46.959 Thread 0x00000000170f3000 12043       3       java.io.FileOutputStream::access$000 (5 bytes)
Event: 46.959 Thread 0x00000000170f3000 nmethod 12043 0x000000000389ead0 code [0x000000000389ec40, 0x000000000389eda8]
Event: 47.117 Thread 0x00000000170f3000 12045       3       sun.swing.MenuItemLayoutHelper::alignRect (26 bytes)
Event: 47.119 Thread 0x00000000170f3000 nmethod 12045 0x0000000003ce7e90 code [0x0000000003ce7fe0, 0x0000000003ce8190]
Event: 47.119 Thread 0x00000000170f3000 12046       3       sun.java2d.SunGraphics2D::getFont (19 bytes)
Event: 47.120 Thread 0x00000000170f3000 nmethod 12046 0x00000000038aabd0 code [0x00000000038aad20, 0x00000000038aaef0]

GC Heap History (10 events):
Event: 14.106 GC heap before
{Heap before GC invocations=23 (full 4):
 PSYoungGen      total 252416K, used 238592K [0x00000000eab00000, 0x00000000fc100000, 0x0000000100000000)
  eden space 238592K, 100% used [0x00000000eab00000,0x00000000f9400000,0x00000000f9400000)
  from space 13824K, 0% used [0x00000000fa700000,0x00000000fa700000,0x00000000fb480000)
  to   space 19456K, 0% used [0x00000000f9400000,0x00000000f9400000,0x00000000fa700000)
 ParOldGen       total 108544K, used 52942K [0x00000000c0000000, 0x00000000c6a00000, 0x00000000eab00000)
  object space 108544K, 48% used [0x00000000c0000000,0x00000000c33b3808,0x00000000c6a00000)
 Metaspace       used 60946K, capacity 69568K, committed 69748K, reserved 1107968K
  class space    used 7709K, capacity 10292K, committed 10368K, reserved 1048576K
Event: 14.129 GC heap after
Heap after GC invocations=23 (full 4):
 PSYoungGen      total 258048K, used 12410K [0x00000000eab00000, 0x00000000fd580000, 0x0000000100000000)
  eden space 238592K, 0% used [0x00000000eab00000,0x00000000eab00000,0x00000000f9400000)
  from space 19456K, 63% used [0x00000000f9400000,0x00000000fa01e9c0,0x00000000fa700000)
  to   space 19968K, 0% used [0x00000000fc200000,0x00000000fc200000,0x00000000fd580000)
 ParOldGen       total 108544K, used 52950K [0x00000000c0000000, 0x00000000c6a00000, 0x00000000eab00000)
  object space 108544K, 48% used [0x00000000c0000000,0x00000000c33b5808,0x00000000c6a00000)
 Metaspace       used 60946K, capacity 69568K, committed 69748K, reserved 1107968K
  class space    used 7709K, capacity 10292K, committed 10368K, reserved 1048576K
}
Event: 15.265 GC heap before
{Heap before GC invocations=24 (full 4):
 PSYoungGen      total 258048K, used 251002K [0x00000000eab00000, 0x00000000fd580000, 0x0000000100000000)
  eden space 238592K, 100% used [0x00000000eab00000,0x00000000f9400000,0x00000000f9400000)
  from space 19456K, 63% used [0x00000000f9400000,0x00000000fa01e9c0,0x00000000fa700000)
  to   space 19968K, 0% used [0x00000000fc200000,0x00000000fc200000,0x00000000fd580000)
 ParOldGen       total 108544K, used 52950K [0x00000000c0000000, 0x00000000c6a00000, 0x00000000eab00000)
  object space 108544K, 48% used [0x00000000c0000000,0x00000000c33b5808,0x00000000c6a00000)
 Metaspace       used 67541K, capacity 76754K, committed 76916K, reserved 1114112K
  class space    used 8520K, capacity 11296K, committed 11392K, reserved 1048576K
Event: 15.294 GC heap after
Heap after GC invocations=24 (full 4):
 PSYoungGen      total 280064K, used 19957K [0x00000000eab00000, 0x00000000fe400000, 0x0000000100000000)
  eden space 260096K, 0% used [0x00000000eab00000,0x00000000eab00000,0x00000000fa900000)
  from space 19968K, 99% used [0x00000000fc200000,0x00000000fd57d6e0,0x00000000fd580000)
  to   space 25600K, 0% used [0x00000000fa900000,0x00000000fa900000,0x00000000fc200000)
 ParOldGen       total 108544K, used 59523K [0x00000000c0000000, 0x00000000c6a00000, 0x00000000eab00000)
  object space 108544K, 54% used [0x00000000c0000000,0x00000000c3a20fd0,0x00000000c6a00000)
 Metaspace       used 67541K, capacity 76754K, committed 76916K, reserved 1114112K
  class space    used 8520K, capacity 11296K, committed 11392K, reserved 1048576K
}
Event: 16.561 GC heap before
{Heap before GC invocations=25 (full 4):
 PSYoungGen      total 280064K, used 280053K [0x00000000eab00000, 0x00000000fe400000, 0x0000000100000000)
  eden space 260096K, 100% used [0x00000000eab00000,0x00000000fa900000,0x00000000fa900000)
  from space 19968K, 99% used [0x00000000fc200000,0x00000000fd57d6e0,0x00000000fd580000)
  to   space 25600K, 0% used [0x00000000fa900000,0x00000000fa900000,0x00000000fc200000)
 ParOldGen       total 108544K, used 59523K [0x00000000c0000000, 0x00000000c6a00000, 0x00000000eab00000)
  object space 108544K, 54% used [0x00000000c0000000,0x00000000c3a20fd0,0x00000000c6a00000)
 Metaspace       used 73867K, capacity 83608K, committed 83956K, reserved 1120256K
  class space    used 9375K, capacity 12423K, committed 12544K, reserved 1048576K
Event: 16.591 GC heap after
Heap after GC invocations=25 (full 4):
 PSYoungGen      total 285696K, used 25499K [0x00000000eab00000, 0x0000000100000000, 0x0000000100000000)
  eden space 260096K, 0% used [0x00000000eab00000,0x00000000eab00000,0x00000000fa900000)
  from space 25600K, 99% used [0x00000000fa900000,0x00000000fc1e6cb8,0x00000000fc200000)
  to   space 30208K, 0% used [0x00000000fe280000,0x00000000fe280000,0x0000000100000000)
 ParOldGen       total 108544K, used 66744K [0x00000000c0000000, 0x00000000c6a00000, 0x00000000eab00000)
  object space 108544K, 61% used [0x00000000c0000000,0x00000000c412e228,0x00000000c6a00000)
 Metaspace       used 73867K, capacity 83608K, committed 83956K, reserved 1120256K
  class space    used 9375K, capacity 12423K, committed 12544K, reserved 1048576K
}
Event: 17.196 GC heap before
{Heap before GC invocations=26 (full 4):
 PSYoungGen      total 285696K, used 285595K [0x00000000eab00000, 0x0000000100000000, 0x0000000100000000)
  eden space 260096K, 100% used [0x00000000eab00000,0x00000000fa900000,0x00000000fa900000)
  from space 25600K, 99% used [0x00000000fa900000,0x00000000fc1e6cb8,0x00000000fc200000)
  to   space 30208K, 0% used [0x00000000fe280000,0x00000000fe280000,0x0000000100000000)
 ParOldGen       total 108544K, used 66744K [0x00000000c0000000, 0x00000000c6a00000, 0x00000000eab00000)
  object space 108544K, 61% used [0x00000000c0000000,0x00000000c412e228,0x00000000c6a00000)
 Metaspace       used 75588K, capacity 85682K, committed 85748K, reserved 1122304K
  class space    used 9604K, capacity 12768K, committed 12800K, reserved 1048576K
Event: 17.222 GC heap after
Heap after GC invocations=26 (full 4):
 PSYoungGen      total 308736K, used 30192K [0x00000000eab00000, 0x0000000100000000, 0x0000000100000000)
  eden space 278528K, 0% used [0x00000000eab00000,0x00000000eab00000,0x00000000fbb00000)
  from space 30208K, 99% used [0x00000000fe280000,0x00000000ffffc048,0x0000000100000000)
  to   space 35328K, 0% used [0x00000000fbb00000,0x00000000fbb00000,0x00000000fdd80000)
 ParOldGen       total 108544K, used 67146K [0x00000000c0000000, 0x00000000c6a00000, 0x00000000eab00000)
  object space 108544K, 61% used [0x00000000c0000000,0x00000000c4192ac0,0x00000000c6a00000)
 Metaspace       used 75588K, capacity 85682K, committed 85748K, reserved 1122304K
  class space    used 9604K, capacity 12768K, committed 12800K, reserved 1048576K
}
Event: 36.817 GC heap before
{Heap before GC invocations=27 (full 4):
 PSYoungGen      total 308736K, used 307604K [0x00000000eab00000, 0x0000000100000000, 0x0000000100000000)
  eden space 278528K, 99% used [0x00000000eab00000,0x00000000fb9e9048,0x00000000fbb00000)
  from space 30208K, 99% used [0x00000000fe280000,0x00000000ffffc048,0x0000000100000000)
  to   space 35328K, 0% used [0x00000000fbb00000,0x00000000fbb00000,0x00000000fdd80000)
 ParOldGen       total 108544K, used 67146K [0x00000000c0000000, 0x00000000c6a00000, 0x00000000eab00000)
  object space 108544K, 61% used [0x00000000c0000000,0x00000000c4192ac0,0x00000000c6a00000)
 Metaspace       used 81018K, capacity 91374K, committed 91508K, reserved 1128448K
  class space    used 10180K, capacity 13389K, committed 13440K, reserved 1048576K
Event: 36.872 GC heap after
Heap after GC invocations=27 (full 4):
 PSYoungGen      total 302080K, used 23161K [0x00000000eab00000, 0x0000000100000000, 0x0000000100000000)
  eden space 278528K, 0% used [0x00000000eab00000,0x00000000eab00000,0x00000000fbb00000)
  from space 23552K, 98% used [0x00000000fbb00000,0x00000000fd19e520,0x00000000fd200000)
  to   space 36864K, 0% used [0x00000000fdc00000,0x00000000fdc00000,0x0000000100000000)
 ParOldGen       total 108544K, used 89397K [0x00000000c0000000, 0x00000000c6a00000, 0x00000000eab00000)
  object space 108544K, 82% used [0x00000000c0000000,0x00000000c574d488,0x00000000c6a00000)
 Metaspace       used 81018K, capacity 91374K, committed 91508K, reserved 1128448K
  class space    used 10180K, capacity 13389K, committed 13440K, reserved 1048576K
}

Deoptimization events (10 events):
Event: 32.863 Thread 0x000000001bf4a800 Uncommon trap: reason=unstable_if action=reinterpret pc=0x0000000004daa258 method=java.io.BufferedOutputStream.write([BII)V @ 35
Event: 33.941 Thread 0x000000001bf4a800 Uncommon trap: reason=unstable_if action=reinterpret pc=0x0000000004d9d2e0 method=java.io.BufferedOutputStream.write([BII)V @ 6
Event: 35.068 Thread 0x000000001bf4a800 Uncommon trap: reason=unstable_if action=reinterpret pc=0x0000000004952a5c method=java.util.regex.Matcher.find()Z @ 10
Event: 35.483 Thread 0x000000001c1f0800 Uncommon trap: reason=unstable_if action=reinterpret pc=0x000000000470359c method=org.netbeans.Archive.getData(Lorg/netbeans/ArchiveResources;Ljava/lang/String;)[B @ 20
Event: 35.483 Thread 0x000000001c1f0800 Uncommon trap: reason=unstable_if action=reinterpret pc=0x0000000004c8dde8 method=org.netbeans.Archive.getData(Lorg/netbeans/ArchiveResources;Ljava/lang/String;)[B @ 20
Event: 36.693 Thread 0x0000000022285000 Uncommon trap: reason=unstable_if action=reinterpret pc=0x0000000004cd3674 method=java.awt.datatransfer.DataFlavor.equals(Ljava/awt/datatransfer/DataFlavor;)Z @ 70
Event: 38.594 Thread 0x000000001bf4b800 Uncommon trap: reason=null_check action=make_not_entrant pc=0x0000000004848a60 method=com.sun.jna.Structure.readField(Lcom/sun/jna/Structure$StructField;)Ljava/lang/Object; @ 33
Event: 42.969 Thread 0x000000001bf4b800 Uncommon trap: reason=null_check action=make_not_entrant pc=0x0000000004840178 method=com.sun.jna.Structure.readField(Lcom/sun/jna/Structure$StructField;)Ljava/lang/Object; @ 43
Event: 43.066 Thread 0x000000001bf4b800 Uncommon trap: reason=null_check action=make_not_entrant pc=0x0000000003eaaa44 method=com.sun.jna.Structure.readField(Lcom/sun/jna/Structure$StructField;)Ljava/lang/Object; @ 59
Event: 43.190 Thread 0x000000001bf4b800 Uncommon trap: reason=null_check action=make_not_entrant pc=0x0000000004e404fc method=com.sun.jna.Function.invoke(Ljava/lang/Class;[Ljava/lang/Object;Ljava/util/Map;)Ljava/lang/Object; @ 200

Internal exceptions (10 events):
Event: 17.826 Thread 0x0000000022285800 Exception <a 'java/io/FileNotFoundException'> (0x00000000ef329d28) thrown at [C:\re\workspace\8-2-build-windows-amd64-cygwin\jdk8u91\7017\hotspot\src\share\vm\prims\jni.cpp, line 709]
Event: 17.830 Thread 0x0000000022285800 Exception <a 'java/io/FileNotFoundException'> (0x00000000ef372320) thrown at [C:\re\workspace\8-2-build-windows-amd64-cygwin\jdk8u91\7017\hotspot\src\share\vm\prims\jni.cpp, line 709]
Event: 17.843 Thread 0x0000000022285800 Exception <a 'sun/nio/fs/WindowsException'> (0x00000000ef3b7368) thrown at [C:\re\workspace\8-2-build-windows-amd64-cygwin\jdk8u91\7017\hotspot\src\share\vm\prims\jni.cpp, line 709]
Event: 17.843 Thread 0x0000000022285800 Exception <a 'sun/nio/fs/WindowsException'> (0x00000000ef3baa40) thrown at [C:\re\workspace\8-2-build-windows-amd64-cygwin\jdk8u91\7017\hotspot\src\share\vm\prims\jni.cpp, line 709]
Event: 18.376 Thread 0x0000000022286800 Exception <a 'sun/nio/fs/WindowsException'> (0x00000000eeafd6d0) thrown at [C:\re\workspace\8-2-build-windows-amd64-cygwin\jdk8u91\7017\hotspot\src\share\vm\prims\jni.cpp, line 709]
Event: 18.380 Thread 0x0000000022286800 Exception <a 'sun/nio/fs/WindowsException'> (0x00000000eeb41228) thrown at [C:\re\workspace\8-2-build-windows-amd64-cygwin\jdk8u91\7017\hotspot\src\share\vm\prims\jni.cpp, line 709]
Event: 23.534 Thread 0x0000000022285000 Exception <a 'java/security/PrivilegedActionException'> (0x00000000f1a95708) thrown at [C:\re\workspace\8-2-build-windows-amd64-cygwin\jdk8u91\7017\hotspot\src\share\vm\prims\jvm.cpp, line 1386]
Event: 26.453 Thread 0x0000000022285000 Implicit null exception at 0x0000000004790869 to 0x0000000004791861
Event: 32.799 Thread 0x000000001bf4a800 Implicit null exception at 0x0000000004e7f630 to 0x0000000004e7f6c9
Event: 32.799 Thread 0x000000001bf4a800 Exception <a 'java/lang/NoSuchMethodError': <clinit>> (0x00000000f791ee18) thrown at [C:\re\workspace\8-2-build-windows-amd64-cygwin\jdk8u91\7017\hotspot\src\share\vm\prims\jni.cpp, line 1613]

Events (10 events):
Event: 45.887 loading class org/netbeans/spi/debugger/ui/EditorContextDispatcher done
Event: 45.887 loading class org/netbeans/spi/debugger/ui/EditorContextDispatcher
Event: 45.887 loading class org/netbeans/spi/debugger/ui/EditorContextDispatcher done
Event: 45.888 loading class org/netbeans/spi/debugger/ui/EditorContextDispatcher
Event: 45.888 loading class org/netbeans/spi/debugger/ui/EditorContextDispatcher done
Event: 46.565 Executing VM operation: RevokeBias
Event: 46.566 Executing VM operation: RevokeBias done
Event: 46.675 Executing VM operation: FindDeadlocks
Event: 46.675 Executing VM operation: FindDeadlocks done
Event: 47.124 Executing VM operation: RevokeBias


Dynamic libraries:
0x0000000000400000 - 0x0000000000580000 	C:\Program Files\NetBeans 8.1\bin\netbeans64.exe
0x00007ffdb84d0000 - 0x00007ffdb8691000 	C:\Windows\SYSTEM32\ntdll.dll
0x00007ffdb8270000 - 0x00007ffdb831d000 	C:\Windows\system32\KERNEL32.DLL
0x00007ffdb4d40000 - 0x00007ffdb4f28000 	C:\Windows\system32\KERNELBASE.dll
0x00007ffdb62b0000 - 0x00007ffdb6357000 	C:\Windows\system32\ADVAPI32.dll
0x00007ffdb5b10000 - 0x00007ffdb5bad000 	C:\Windows\system32\msvcrt.dll
0x00007ffdb6cb0000 - 0x00007ffdb6d0b000 	C:\Windows\system32\sechost.dll
0x00007ffdb6190000 - 0x00007ffdb62ac000 	C:\Windows\system32\RPCRT4.dll
0x00007ffdb6d10000 - 0x00007ffdb826c000 	C:\Windows\system32\SHELL32.dll
0x00007ffdb5860000 - 0x00007ffdb58a3000 	C:\Windows\system32\cfgmgr32.dll
0x00007ffdb5160000 - 0x00007ffdb57a5000 	C:\Windows\system32\windows.storage.dll
0x00007ffdb69d0000 - 0x00007ffdb6c4d000 	C:\Windows\system32\combase.dll
0x00007ffdb4cd0000 - 0x00007ffdb4d3a000 	C:\Windows\system32\bcryptPrimitives.dll
0x00007ffdb6c50000 - 0x00007ffdb6ca2000 	C:\Windows\system32\shlwapi.dll
0x00007ffdb5c80000 - 0x00007ffdb5e06000 	C:\Windows\system32\GDI32.dll
0x00007ffdb6390000 - 0x00007ffdb64e6000 	C:\Windows\system32\USER32.dll
0x00007ffdb4af0000 - 0x00007ffdb4aff000 	C:\Windows\system32\kernel.appcore.dll
0x00007ffdb4c10000 - 0x00007ffdb4cc5000 	C:\Windows\system32\shcore.dll
0x00007ffdb4b10000 - 0x00007ffdb4b5b000 	C:\Windows\system32\powrprof.dll
0x00007ffdb4b60000 - 0x00007ffdb4b74000 	C:\Windows\system32\profapi.dll
0x00007ffdb6990000 - 0x00007ffdb69cb000 	C:\Windows\system32\IMM32.DLL
0x000000006f970000 - 0x000000006fe24000 	C:\Program Files\NetBeans 8.1\platform\lib\nbexec64.dll
0x000000006f0d0000 - 0x000000006f963000 	C:\Program Files\Java\jdk1.8.0_91\jre\bin\server\jvm.dll
0x00007ffdb64f0000 - 0x00007ffdb64f8000 	C:\Windows\system32\PSAPI.DLL
0x00007ffdb30d0000 - 0x00007ffdb30d9000 	C:\Windows\SYSTEM32\WSOCK32.dll
0x00007ffdb36a0000 - 0x00007ffdb36c3000 	C:\Windows\SYSTEM32\WINMM.dll
0x00000000704b0000 - 0x0000000070582000 	C:\Program Files\Java\jdk1.8.0_91\jre\bin\MSVCR100.dll
0x00007ffda8930000 - 0x00007ffda893a000 	C:\Windows\SYSTEM32\VERSION.dll
0x00007ffdb5c10000 - 0x00007ffdb5c7b000 	C:\Windows\system32\WS2_32.dll
0x0000000000790000 - 0x00000000007bc000 	C:\Windows\SYSTEM32\WINMMBASE.dll
0x0000000070470000 - 0x00000000704a9000 	C:\Program Files\Java\jdk1.8.0_91\jre\bin\splashscreen.dll
0x00007ffdb30e0000 - 0x00007ffdb3176000 	C:\Windows\system32\uxtheme.dll
0x0000000070460000 - 0x000000007046f000 	C:\Program Files\Java\jdk1.8.0_91\jre\bin\verify.dll
0x0000000070430000 - 0x0000000070459000 	C:\Program Files\Java\jdk1.8.0_91\jre\bin\java.dll
0x00007ffdb5e10000 - 0x00007ffdb5f6a000 	C:\Windows\system32\MSCTF.dll
0x0000000070410000 - 0x0000000070426000 	C:\Program Files\Java\jdk1.8.0_91\jre\bin\zip.dll
0x000000006f0b0000 - 0x000000006f0ca000 	C:\Program Files\Java\jdk1.8.0_91\jre\bin\net.dll
0x00007ffdb4420000 - 0x00007ffdb447c000 	C:\Windows\system32\mswsock.dll
0x000000006f090000 - 0x000000006f0a1000 	C:\Program Files\Java\jdk1.8.0_91\jre\bin\nio.dll
0x00007ffdb18f0000 - 0x00007ffdb1928000 	C:\Windows\SYSTEM32\IPHLPAPI.DLL
0x00007ffdb5980000 - 0x00007ffdb5988000 	C:\Windows\system32\NSI.dll
0x00007ffdb18d0000 - 0x00007ffdb18e6000 	C:\Windows\SYSTEM32\dhcpcsvc6.DLL
0x00007ffdb18b0000 - 0x00007ffdb18ca000 	C:\Windows\SYSTEM32\dhcpcsvc.DLL
0x000000006eef0000 - 0x000000006f088000 	C:\Program Files\Java\jdk1.8.0_91\jre\bin\awt.dll
0x00007ffdb60c0000 - 0x00007ffdb6181000 	C:\Windows\system32\OLEAUT32.dll
0x00007ffdb3180000 - 0x00007ffdb31f9000 	C:\Windows\system32\apphelp.dll
0x00007ffdb44d0000 - 0x00007ffdb44e7000 	C:\Windows\SYSTEM32\CRYPTSP.dll
0x00007ffdb4160000 - 0x00007ffdb4194000 	C:\Windows\system32\rsaenh.dll
0x00007ffdb46f0000 - 0x00007ffdb4719000 	C:\Windows\SYSTEM32\bcrypt.dll
0x00007ffdb42b0000 - 0x00007ffdb42cf000 	C:\Windows\SYSTEM32\USERENV.dll
0x00007ffdb45f0000 - 0x00007ffdb45fb000 	C:\Windows\SYSTEM32\CRYPTBASE.dll
0x00007ffdb2920000 - 0x00007ffdb2942000 	C:\Windows\system32\DWMAPI.DLL
0x00007ffda86a0000 - 0x00007ffda8914000 	C:\Windows\WinSxS\amd64_microsoft.windows.common-controls_6595b64144ccf1df_6.0.10586.494_none_a2d8b04ea53e3145\COMCTL32.dll
0x00007ffdb5f70000 - 0x00007ffdb60b3000 	C:\Windows\system32\ole32.dll
0x00007ffda4110000 - 0x00007ffda4126000 	C:\Windows\system32\napinsp.dll
0x00007ffda4130000 - 0x00007ffda414a000 	C:\Windows\system32\pnrpnsp.dll
0x00007ffdb1630000 - 0x00007ffdb1648000 	C:\Windows\system32\NLAapi.dll
0x00007ffdb3470000 - 0x00007ffdb351a000 	C:\Windows\SYSTEM32\DNSAPI.dll
0x00007ffda4150000 - 0x00007ffda415d000 	C:\Windows\System32\winrnr.dll
0x00007ffda4160000 - 0x00007ffda4175000 	C:\Windows\System32\wshbth.dll
0x00007ffdad2c0000 - 0x00007ffdad2ca000 	C:\Windows\System32\rasadhlp.dll
0x00007ffdad5c0000 - 0x00007ffdad627000 	C:\Windows\System32\fwpuclnt.dll
0x000000006eea0000 - 0x000000006eee7000 	C:\Program Files\Java\jdk1.8.0_91\jre\bin\fontmanager.dll
0x000000006ee50000 - 0x000000006ee92000 	C:\Program Files\Java\jdk1.8.0_91\jre\bin\t2k.dll
0x0000000180000000 - 0x0000000180038000 	C:\Program Files\NetBeans 8.1\platform\modules\lib\amd64\jnidispatch-410.dll
0x0000000070400000 - 0x000000007040d000 	C:\Program Files\Java\jdk1.8.0_91\jre\bin\management.dll
0x00007ffdb0200000 - 0x00007ffdb02c8000 	C:\Windows\SYSTEM32\winhttp.dll
0x00007ffdb0e80000 - 0x00007ffdb0f2a000 	C:\Windows\WinSxS\amd64_microsoft.windows.common-controls_6595b64144ccf1df_5.82.10586.0_none_396e892957c7fb25\comctl32.dll
0x00007ffdb58d0000 - 0x00007ffdb5977000 	C:\Windows\system32\clbcatq.dll
0x00007ffdafb90000 - 0x00007ffdafd41000 	C:\Windows\SYSTEM32\WindowsCodecs.dll
0x00007ffda6fd0000 - 0x00007ffda701a000 	C:\Windows\system32\dataexchange.dll
0x00007ffdb2d00000 - 0x00007ffdb2de3000 	C:\Windows\system32\dcomp.dll
0x00007ffdb0f30000 - 0x00007ffdb11d8000 	C:\Windows\system32\d3d11.dll
0x00007ffdb2570000 - 0x00007ffdb2612000 	C:\Windows\system32\dxgi.dll
0x00007ffdb3550000 - 0x00007ffdb3650000 	C:\Windows\system32\twinapi.appcore.dll
0x000000006ee20000 - 0x000000006ee4a000 	C:\Program Files\Java\jdk1.8.0_91\jre\bin\dcpr.dll
0x00007ffda5800000 - 0x00007ffda5929000 	C:\Windows\SYSTEM32\OPENGL32.DLL
0x00007ffda52e0000 - 0x00007ffda53da000 	C:\Windows\SYSTEM32\DDRAW.dll
0x00007ffda9170000 - 0x00007ffda919e000 	C:\Windows\SYSTEM32\GLU32.dll
0x00007ffdb0710000 - 0x00007ffdb0718000 	C:\Windows\SYSTEM32\DCIMAN32.dll
0x00007ffd7ff30000 - 0x00007ffd80a68000 	C:\Windows\SYSTEM32\ig75icd64.dll
0x00007ffdac640000 - 0x00007ffdad073000 	C:\Windows\SYSTEM32\igdusc64.dll
0x00007ffdb2950000 - 0x00007ffdb2963000 	C:\Windows\SYSTEM32\WTSAPI32.dll
0x00007ffd8f5c0000 - 0x00007ffd8f74c000 	C:\Windows\SYSTEM32\dbghelp.dll

VM Arguments:
jvm_args: -Dnetbeans.importclass=org.netbeans.upgrade.AutoUpgrade -Dnetbeans.accept_license_class=org.netbeans.license.AcceptLicense -client -Xss2m -Xms32m -Dapple.laf.useScreenMenuBar=true -Dapple.awt.graphics.UseQuartz=true -Dsun.java2d.noddraw=true -Dsun.java2d.dpiaware=true -Dsun.zip.disableMemoryMapping=true -Xmx1024m -Dnetbeans.logger.console=true -ea -Djdk.home=C:\Program Files\Java\jdk1.8.0_91 -splash:C:\Users\erenc\Documents\NetBeansProjects\autocommentgenerator\build\testuserdir\var\cache\splash.png -Dnetbeans.home=C:\Program Files\NetBeans 8.1\platform -Dnetbeans.user=C:\Users\erenc\Documents\NetBeansProjects\autocommentgenerator\build\testuserdir -Dnetbeans.default_userdir_root=C:\Users\erenc\AppData\Roaming\NetBeans -XX:+HeapDumpOnOutOfMemoryError -XX:HeapDumpPath=C:\Users\erenc\Documents\NetBeansProjects\autocommentgenerator\build\testuserdir\var\log\heapdump.hprof -Dsun.awt.keepWorkingSetOnMinimize=true -Dnetbeans.dirs=C:\Program Files\NetBeans 8.1\nb;C:\Program Files\NetBeans 8.1\ergonomics;C:\Program Files\NetBeans 8.1\ide;C:\Program Files\NetBeans 8.1\extide;C:\Program Files\NetBeans 8.1\java;C:\Program Files\NetBeans 8.1\apisupport;C:\Program Files\NetBeans 8.1\webcommon;C:\Program Files\NetBeans 8.1\websvccommon;C:\Program Files\NetBeans 8.1\enterprise;C:\Program Files\NetBeans 8.1\mobility;C:\Program Files\NetBeans 8.1\profiler;C:\Program Files\NetBeans 8.1\python;C:\Program Files\NetBeans 8.1\php;C:\Program Files\NetBeans 8.1\identity;C:\Program Files\NetBeans 8.1\harness;C:\Program Files\NetBeans 8.1\cnd;C:\Program Files\NetBeans 8.1\cndext;C:\Program Files\NetBeans 8.1\dlight;C:\Program Files\NetBeans 8.1\groovy;C:\Program Files\NetBeans 8.1\extra;C:\Program Files\NetBeans 8.1\javacard;C:\Program Files\NetBeans 8.1\javafx;C:\Users\erenc\Documents\NetBeansProjects\autocommentgenerator\build\cluster exit 
java_command: <unknown>
java_class_path (initial): C:\Program Files\NetBeans 8.1\platform\lib\boot.jar;C:\Program Files\NetBeans 8.1\platform\lib\org-openide-modules.jar;C:\Program Files\NetBeans 8.1\platform\lib\org-openide-util-lookup.jar;C:\Program Files\NetBeans 8.1\platform\lib\org-openide-util-ui.jar;C:\Program Files\NetBeans 8.1\platform\lib\org-openide-util.jar;C:\Program Files\NetBeans 8.1\platform\lib\locale\boot_ja.jar;C:\Program Files\NetBeans 8.1\platform\lib\locale\boot_pt_BR.jar;C:\Program Files\NetBeans 8.1\platform\lib\locale\boot_ru.jar;C:\Program Files\NetBeans 8.1\platform\lib\locale\boot_zh_CN.jar;C:\Program Files\NetBeans 8.1\platform\lib\locale\org-openide-modules_ja.jar;C:\Program Files\NetBeans 8.1\platform\lib\locale\org-openide-modules_pt_BR.jar;C:\Program Files\NetBeans 8.1\platform\lib\locale\org-openide-modules_ru.jar;C:\Program Files\NetBeans 8.1\platform\lib\locale\org-openide-modules_zh_CN.jar;C:\Program Files\NetBeans 8.1\platform\lib\locale\org-openide-util-lookup_ja.jar;C:\Program Files\NetBeans 8.1\platform\lib\locale\org-openide-util-lookup_pt_BR.jar;C:\Program Files\NetBeans 8.1\platform\lib\locale\org-openide-util-lookup_ru.jar;C:\Program Files\NetBeans 8.1\platform\lib\locale\org-openide-util-lookup_zh_CN.jar;C:\Program Files\NetBeans 8.1\platform\lib\locale\org-openide-util-ui_ja.jar;C:\Program Files\NetBeans 8.1\platform\lib\locale\org-openide-util-ui_pt_BR.jar;C:\Program Files\NetBeans 8.1\platform\lib\locale\org-openide-util-ui_ru.jar;C:\Program Files\NetBeans 8.1\platform\lib\locale\org-openide-util-ui_zh_CN.jar;C:\Program Files\NetBeans 8.1\platform\lib\locale\org-openide-util_ja.jar;C:\Program Files\NetBeans 8.1\platform\lib\locale\org-openide-util_pt_BR.jar;C:\Program Files\NetBeans 8.1\platform\lib\locale\org-openide-util_ru.jar;C:\Program Files\NetBeans 8.1\platform\lib\locale\org-openide-util_zh_CN.jar;C:\Program Files\Java\jdk1.8.0_91\lib\dt.jar;C:\Program Files\Java\jdk1.8.0_91\lib\tools.jar
Launcher Type: generic

Environment Variables:
PATH=C:\ProgramData\Oracle\Java\javapath;C:\Windows\system32;C:\Windows;C:\Windows\System32\Wbem;C:\Windows\System32\WindowsPowerShell\v1.0\;C:\Program Files (x86)\NVIDIA Corporation\PhysX\Common;C:\Program Files (x86)\GtkSharp\2.12\bin
USERNAME=erenc
OS=Windows_NT
PROCESSOR_IDENTIFIER=Intel64 Family 6 Model 60 Stepping 3, GenuineIntel



---------------  S Y S T E M  ---------------

OS: Windows 10.0 , 64 bit Build 10586 (10.0.10586.0)

CPU:total 8 (4 cores per cpu, 2 threads per core) family 6 model 60 stepping 3, cmov, cx8, fxsr, mmx, sse, sse2, sse3, ssse3, sse4.1, sse4.2, popcnt, avx, avx2, aes, clmul, erms, lzcnt, ht, tsc, tscinvbit, bmi1, bmi2

Memory: 4k page, physical 8306748k(2396916k free), swap 12268248k(4836264k free)

vm_info: Java HotSpot(TM) 64-Bit Server VM (25.91-b15) for windows-amd64 JRE (1.8.0_91-b15), built on May 20 2016 17:43:15 by "java_re" with MS VC++ 10.0 (VS2010)

time: Tue Jul 19 23:02:58 2016
elapsed time: 47 seconds (0d 0h 0m 47s)

